A code(65)
POST[cmd] 这次我们玩过滤好了。
<!--
	eval(exec($c));//read flag.txt But no cat!！！
-->
B code(66)
POST[cmd] 这次我们玩过滤好了。
<!--
	eval(exec($c));//read flag.txt But no cat!！！
-->
C code(67)
POST[cmd] 这次我们玩过滤好了。
<!--
	eval(exec($c));//read flag.txt But no cat!！！
-->
D code(68)
POST[cmd] 这次我们玩过滤好了。
<!--
	eval(exec($c));//read flag.txt But no cat!！！
-->
E code(69)
POST[cmd] 这次我们玩过滤好了。
<!--
	eval(exec($c));//read flag.txt But no cat!！！
-->
F code(70)
POST[cmd] 这次我们玩过滤好了。
<!--
	eval(exec($c));//read flag.txt But no cat!！！
-->
G code(71)
POST[cmd] 这次我们玩过滤好了。
<!--
	eval(exec($c));//read flag.txt But no cat!！！
-->
H code(72)
POST[cmd] 这次我们玩过滤好了。
<!--
	eval(exec($c));//read flag.txt But no cat!！！
-->
I code(73)
POST[cmd] 这次我们玩过滤好了。
<!--
	eval(exec($c));//read flag.txt But no cat!！！
-->
J code(74)
POST[cmd] 这次我们玩过滤好了。
<!--
	eval(exec($c));//read flag.txt But no cat!！！
-->
K code(75)
POST[cmd] 这次我们玩过滤好了。
<!--
	eval(exec($c));//read flag.txt But no cat!！！
-->
L code(76)
POST[cmd] 这次我们玩过滤好了。
<!--
	eval(exec($c));//read flag.txt But no cat!！！
-->
M code(77)
POST[cmd] 这次我们玩过滤好了。
<!--
	eval(exec($c));//read flag.txt But no cat!！！
-->
N code(78)
POST[cmd] 这次我们玩过滤好了。
<!--
	eval(exec($c));//read flag.txt But no cat!！！
-->
O code(79)
POST[cmd] 这次我们玩过滤好了。
<!--
	eval(exec($c));//read flag.txt But no cat!！！
-->
P code(80)
POST[cmd] 这次我们玩过滤好了。
<!--
	eval(exec($c));//read flag.txt But no cat!！！
-->
Q code(81)
POST[cmd] 这次我们玩过滤好了。
<!--
	eval(exec($c));//read flag.txt But no cat!！！
-->
R code(82)
POST[cmd] 这次我们玩过滤好了。
<!--
	eval(exec($c));//read flag.txt But no cat!！！
-->
S code(83)
POST[cmd] 这次我们玩过滤好了。
<!--
	eval(exec($c));//read flag.txt But no cat!！！
-->
T code(84)
POST[cmd] 这次我们玩过滤好了。
<!--
	eval(exec($c));//read flag.txt But no cat!！！
-->
U code(85)
POST[cmd] 这次我们玩过滤好了。
<!--
	eval(exec($c));//read flag.txt But no cat!！！
-->
V code(86)
POST[cmd] 这次我们玩过滤好了。
<!--
	eval(exec($c));//read flag.txt But no cat!！！
-->
W code(87)
POST[cmd] 这次我们玩过滤好了。
<!--
	eval(exec($c));//read flag.txt But no cat!！！
-->
X code(88)
POST[cmd] 这次我们玩过滤好了。
<!--
	eval(exec($c));//read flag.txt But no cat!！！
-->
Y code(89)
POST[cmd] 这次我们玩过滤好了。
<!--
	eval(exec($c));//read flag.txt But no cat!！！
-->
Z code(90)
POST[cmd] 这次我们玩过滤好了。
<!--
	eval(exec($c));//read flag.txt But no cat!！！
-->
a code(97)
POST[cmd] 这次我们玩过滤好了。
<!--
	eval(exec($c));//read flag.txt But no cat!！！
-->
b code(98)
POST[cmd] 这次我们玩过滤好了。
<!--
	eval(exec($c));//read flag.txt But no cat!！！
-->
c code(99)
POST[cmd] 这次我们玩过滤好了。
<!--
	eval(exec($c));//read flag.txt But no cat!！！
-->
d code(100)
POST[cmd] 这次我们玩过滤好了。
<!--
	eval(exec($c));//read flag.txt But no cat!！！
-->
e code(101)
POST[cmd] 这次我们玩过滤好了。
<!--
	eval(exec($c));//read flag.txt But no cat!！！
-->
f code(102)
POST[cmd] 这次我们玩过滤好了。
<!--
	eval(exec($c));//read flag.txt But no cat!！！
-->
g code(103)
POST[cmd] 这次我们玩过滤好了。
<!--
	eval(exec($c));//read flag.txt But no cat!！！
-->
h code(104)
POST[cmd] 这次我们玩过滤好了。
<!--
	eval(exec($c));//read flag.txt But no cat!！！
-->
i code(105)
POST[cmd] 这次我们玩过滤好了。
<!--
	eval(exec($c));//read flag.txt But no cat!！！
-->
j code(106)
POST[cmd] 这次我们玩过滤好了。
<!--
	eval(exec($c));//read flag.txt But no cat!！！
-->
k code(107)
POST[cmd] 这次我们玩过滤好了。
<!--
	eval(exec($c));//read flag.txt But no cat!！！
-->
l code(108)
POST[cmd] 这次我们玩过滤好了。
<!--
	eval(exec($c));//read flag.txt But no cat!！！
-->
m code(109)
POST[cmd] 这次我们玩过滤好了。
<!--
	eval(exec($c));//read flag.txt But no cat!！！
-->
n code(110)
POST[cmd] 这次我们玩过滤好了。
<!--
	eval(exec($c));//read flag.txt But no cat!！！
-->
o code(111)
POST[cmd] 这次我们玩过滤好了。
<!--
	eval(exec($c));//read flag.txt But no cat!！！
-->
p code(112)
POST[cmd] 这次我们玩过滤好了。
<!--
	eval(exec($c));//read flag.txt But no cat!！！
-->
q code(113)
POST[cmd] 这次我们玩过滤好了。
<!--
	eval(exec($c));//read flag.txt But no cat!！！
-->
r code(114)
POST[cmd] 这次我们玩过滤好了。
<!--
	eval(exec($c));//read flag.txt But no cat!！！
-->
s code(115)
POST[cmd] 这次我们玩过滤好了。
<!--
	eval(exec($c));//read flag.txt But no cat!！！
-->
t code(116)
POST[cmd] 这次我们玩过滤好了。
<!--
	eval(exec($c));//read flag.txt But no cat!！！
-->
u code(117)
POST[cmd] 这次我们玩过滤好了。
<!--
	eval(exec($c));//read flag.txt But no cat!！！
-->
v code(118)
POST[cmd] 这次我们玩过滤好了。
<!--
	eval(exec($c));//read flag.txt But no cat!！！
-->
w code(119)
POST[cmd] 这次我们玩过滤好了。
<!--
	eval(exec($c));//read flag.txt But no cat!！！
-->
x code(120)
POST[cmd] 这次我们玩过滤好了。
<!--
	eval(exec($c));//read flag.txt But no cat!！！
-->
y code(121)
POST[cmd] 这次我们玩过滤好了。
<!--
	eval(exec($c));//read flag.txt But no cat!！！
-->
z code(122)
POST[cmd] 这次我们玩过滤好了。
<!--
	eval(exec($c));//read flag.txt But no cat!！！
-->
0 code(48)
POST[cmd] 这次我们玩过滤好了。
<!--
	eval(exec($c));//read flag.txt But no cat!！！
-->
1 code(49)
POST[cmd] 这次我们玩过滤好了。
<!--
	eval(exec($c));//read flag.txt But no cat!！！
-->
2 code(50)
POST[cmd] 这次我们玩过滤好了。
<!--
	eval(exec($c));//read flag.txt But no cat!！！
-->
3 code(51)
POST[cmd] 这次我们玩过滤好了。
<!--
	eval(exec($c));//read flag.txt But no cat!！！
-->
4 code(52)
POST[cmd] 这次我们玩过滤好了。
<!--
	eval(exec($c));//read flag.txt But no cat!！！
-->
5 code(53)
POST[cmd] 这次我们玩过滤好了。
<!--
	eval(exec($c));//read flag.txt But no cat!！！
-->
6 code(54)
POST[cmd] 这次我们玩过滤好了。
<!--
	eval(exec($c));//read flag.txt But no cat!！！
-->
7 code(55)
POST[cmd] 这次我们玩过滤好了。
<!--
	eval(exec($c));//read flag.txt But no cat!！！
-->
8 code(56)
POST[cmd] 这次我们玩过滤好了。
<!--
	eval(exec($c));//read flag.txt But no cat!！！
-->
9 code(57)
POST[cmd] 这次我们玩过滤好了。
<!--
	eval(exec($c));//read flag.txt But no cat!！！
-->
` code(96)
POST[cmd] 这次我们玩过滤好了。
<!--
	eval(exec($c));//read flag.txt But no cat!！！
-->
- code(45)
POST[cmd] 这次我们玩过滤好了。
<!--
	eval(exec($c));//read flag.txt But no cat!！！
-->
= code(61)
POST[cmd] 这次我们玩过滤好了。
<!--
	eval(exec($c));//read flag.txt But no cat!！！
-->
[ code(91)
POST[cmd] 这次我们玩过滤好了。
<!--
	eval(exec($c));//read flag.txt But no cat!！！
-->
] code(93)
POST[cmd] 这次我们玩过滤好了。
<!--
	eval(exec($c));//read flag.txt But no cat!！！
-->
; code(59)
POST[cmd] 这次我们玩过滤好了。
<!--
	eval(exec($c));//read flag.txt But no cat!！！
-->
' code(39)
POST[cmd] 这次我们玩过滤好了。
<!--
	eval(exec($c));//read flag.txt But no cat!！！
-->
, code(44)
POST[cmd] 这次我们玩过滤好了。这你都能想到？我也想到了...
. code(46)
POST[cmd] 这次我们玩过滤好了。
<!--
	eval(exec($c));//read flag.txt But no cat!！！
-->
/ code(47)
POST[cmd] 这次我们玩过滤好了。
<!--
	eval(exec($c));//read flag.txt But no cat!！！
-->
~ code(126)
POST[cmd] 这次我们玩过滤好了。
<!--
	eval(exec($c));//read flag.txt But no cat!！！
-->
_ code(95)
POST[cmd] 这次我们玩过滤好了。
<!--
	eval(exec($c));//read flag.txt But no cat!！！
-->
+ code(43)
POST[cmd] 这次我们玩过滤好了。
<!--
	eval(exec($c));//read flag.txt But no cat!！！
-->
{ code(123)
POST[cmd] 这次我们玩过滤好了。
<!--
	eval(exec($c));//read flag.txt But no cat!！！
-->
} code(125)
POST[cmd] 这次我们玩过滤好了。
<!--
	eval(exec($c));//read flag.txt But no cat!！！
-->
: code(58)
POST[cmd] 这次我们玩过滤好了。
<!--
	eval(exec($c));//read flag.txt But no cat!！！
-->
" code(34)
POST[cmd] 这次我们玩过滤好了。
<!--
	eval(exec($c));//read flag.txt But no cat!！！
-->
| code(124)
POST[cmd] 这次我们玩过滤好了。
<!--
	eval(exec($c));//read flag.txt But no cat!！！
-->
< code(60)
POST[cmd] 这次我们玩过滤好了。
<!--
	eval(exec($c));//read flag.txt But no cat!！！
-->
> code(62)
POST[cmd] 这次我们玩过滤好了。这你都能想到？我也想到了...
? code(63)
POST[cmd] 这次我们玩过滤好了。
<!--
	eval(exec($c));//read flag.txt But no cat!！！
-->
  code(32)
POST[cmd] 这次我们玩过滤好了。
<!--
	eval(exec($c));//read flag.txt But no cat!！！
-->

 code(10)
POST[cmd] 这次我们玩过滤好了。
<!--
	eval(exec($c));//read flag.txt But no cat!！！
-->
 code(13)
POST[cmd] 这次我们玩过滤好了。
<!--
	eval(exec($c));//read flag.txt But no cat!！！
-->
	 code(9)
POST[cmd] 这次我们玩过滤好了。
<!--
	eval(exec($c));//read flag.txt But no cat!！！
-->
