arch
POST[cmd] 这次我们玩过滤好了。没抓到重点
awk
POST[cmd] 这次我们玩过滤好了。没抓到重点
basename
POST[cmd] 这次我们玩过滤好了。没抓到重点
bash
POST[cmd] 这次我们玩过滤好了。没抓到重点
cat
POST[cmd] 这次我们玩过滤好了。没抓到重点
chgrp
POST[cmd] 这次我们玩过滤好了。没抓到重点
chmod
POST[cmd] 这次我们玩过滤好了。没抓到重点
chown
POST[cmd] 这次我们玩过滤好了。没抓到重点
cp
POST[cmd] 这次我们玩过滤好了。没抓到重点
cpio
POST[cmd] 这次我们玩过滤好了。没抓到重点
cut
POST[cmd] 这次我们玩过滤好了。
<!--
	eval(exec($c));//read flag.txt But no cat!！！
-->
dash
POST[cmd] 这次我们玩过滤好了。没抓到重点
date
POST[cmd] 这次我们玩过滤好了。没抓到重点
dd
POST[cmd] 这次我们玩过滤好了。没抓到重点
df
POST[cmd] 这次我们玩过滤好了。没抓到重点
dmesg
POST[cmd] 这次我们玩过滤好了。没抓到重点
dnsdomainname
POST[cmd] 这次我们玩过滤好了。没抓到重点
domainname
POST[cmd] 这次我们玩过滤好了。没抓到重点
echo
POST[cmd] 这次我们玩过滤好了。没抓到重点
egrep
POST[cmd] 这次我们玩过滤好了。没抓到重点
env
POST[cmd] 这次我们玩过滤好了。没抓到重点
ex
POST[cmd] 这次我们玩过滤好了。没抓到重点
false
POST[cmd] 这次我们玩过滤好了。没抓到重点
fgrep
POST[cmd] 这次我们玩过滤好了。没抓到重点
find
POST[cmd] 这次我们玩过滤好了。没抓到重点
findmnt
POST[cmd] 这次我们玩过滤好了。没抓到重点
gawk
POST[cmd] 这次我们玩过滤好了。没抓到重点
grep
POST[cmd] 这次我们玩过滤好了。没抓到重点
gtar
POST[cmd] 这次我们玩过滤好了。没抓到重点
gunzip
POST[cmd] 这次我们玩过滤好了。没抓到重点
gzip
POST[cmd] 这次我们玩过滤好了。没抓到重点
hostname
POST[cmd] 这次我们玩过滤好了。没抓到重点
ipcalc
POST[cmd] 这次我们玩过滤好了。没抓到重点
iptables-xml
POST[cmd] 这次我们玩过滤好了。没抓到重点
iptables-xml-1.4.7
POST[cmd] 这次我们玩过滤好了。没抓到重点
kill
POST[cmd] 这次我们玩过滤好了。没抓到重点
link
POST[cmd] 这次我们玩过滤好了。没抓到重点
ln
POST[cmd] 这次我们玩过滤好了。没抓到重点
logger
POST[cmd] 这次我们玩过滤好了。没抓到重点
login
POST[cmd] 这次我们玩过滤好了。没抓到重点
ls
POST[cmd] 这次我们玩过滤好了。没抓到重点
lsblk
POST[cmd] 这次我们玩过滤好了。没抓到重点
mkdir
POST[cmd] 这次我们玩过滤好了。没抓到重点
mknod
POST[cmd] 这次我们玩过滤好了。没抓到重点
mktemp
POST[cmd] 这次我们玩过滤好了。没抓到重点
more
POST[cmd] 这次我们玩过滤好了。没抓到重点
mount
POST[cmd] 这次我们玩过滤好了。没抓到重点
mountpoint
POST[cmd] 这次我们玩过滤好了。没抓到重点
mv
POST[cmd] 这次我们玩过滤好了。没抓到重点
netstat
POST[cmd] 这次我们玩过滤好了。没抓到重点
nice
POST[cmd] 这次我们玩过滤好了。没抓到重点
nisdomainname
POST[cmd] 这次我们玩过滤好了。没抓到重点
ping
POST[cmd] 这次我们玩过滤好了。没抓到重点
ping6
POST[cmd] 这次我们玩过滤好了。没抓到重点
plymouth
POST[cmd] 这次我们玩过滤好了。没抓到重点
ps
POST[cmd] 这次我们玩过滤好了。没抓到重点
pwd
POST[cmd] 这次我们玩过滤好了。没抓到重点
raw
POST[cmd] 这次我们玩过滤好了。没抓到重点
readlink
POST[cmd] 这次我们玩过滤好了。没抓到重点
rm
POST[cmd] 这次我们玩过滤好了。没抓到重点
rmdir
POST[cmd] 这次我们玩过滤好了。没抓到重点
rpm
POST[cmd] 这次我们玩过滤好了。没抓到重点
rvi
POST[cmd] 这次我们玩过滤好了。没抓到重点
rview
POST[cmd] 这次我们玩过滤好了。没抓到重点
sed
POST[cmd] 这次我们玩过滤好了。没抓到重点
sh
POST[cmd] 这次我们玩过滤好了。没抓到重点
sleep
POST[cmd] 这次我们玩过滤好了。没抓到重点
sort
POST[cmd] 这次我们玩过滤好了。没抓到重点
stty
POST[cmd] 这次我们玩过滤好了。没抓到重点
su
POST[cmd] 这次我们玩过滤好了。没抓到重点
sync
POST[cmd] 这次我们玩过滤好了。没抓到重点
tar
POST[cmd] 这次我们玩过滤好了。没抓到重点
taskset
POST[cmd] 这次我们玩过滤好了。没抓到重点
touch
POST[cmd] 这次我们玩过滤好了。没抓到重点
tracepath
POST[cmd] 这次我们玩过滤好了。没抓到重点
tracepath6
POST[cmd] 这次我们玩过滤好了。没抓到重点
true
POST[cmd] 这次我们玩过滤好了。没抓到重点
umount
POST[cmd] 这次我们玩过滤好了。没抓到重点
uname
POST[cmd] 这次我们玩过滤好了。没抓到重点
unlink
POST[cmd] 这次我们玩过滤好了。没抓到重点
usleep
POST[cmd] 这次我们玩过滤好了。没抓到重点
vi
POST[cmd] 这次我们玩过滤好了。没抓到重点
view
POST[cmd] 这次我们玩过滤好了。没抓到重点
ypdomainname
POST[cmd] 这次我们玩过滤好了。没抓到重点
zcat
POST[cmd] 这次我们玩过滤好了。没抓到重点

POST[cmd] 这次我们玩过滤好了。没抓到重点
[
POST[cmd] 这次我们玩过滤好了。没抓到重点
ab
POST[cmd] 这次我们玩过滤好了。没抓到重点
addftinfo
POST[cmd] 这次我们玩过滤好了。没抓到重点
addr2line
POST[cmd] 这次我们玩过滤好了。没抓到重点
ar
POST[cmd] 这次我们玩过滤好了。没抓到重点
as
POST[cmd] 这次我们玩过滤好了。没抓到重点
awk
POST[cmd] 这次我们玩过滤好了。没抓到重点
base64
POST[cmd] 这次我们玩过滤好了。没抓到重点
bashbug-64
POST[cmd] 这次我们玩过滤好了。没抓到重点
berkeley_db_svc
POST[cmd] 这次我们玩过滤好了。没抓到重点
bunzip2
POST[cmd] 这次我们玩过滤好了。没抓到重点
bzcat
POST[cmd] 这次我们玩过滤好了。没抓到重点
bzcmp
POST[cmd] 这次我们玩过滤好了。没抓到重点
bzdiff
POST[cmd] 这次我们玩过滤好了。没抓到重点
bzgrep
POST[cmd] 这次我们玩过滤好了。没抓到重点
bzip2
POST[cmd] 这次我们玩过滤好了。没抓到重点
bzip2recover
POST[cmd] 这次我们玩过滤好了。没抓到重点
bzless
POST[cmd] 这次我们玩过滤好了。没抓到重点
bzmore
POST[cmd] 这次我们玩过滤好了。没抓到重点
c++filt
POST[cmd] 这次我们玩过滤好了。没抓到重点
ca-legacy
POST[cmd] 这次我们玩过滤好了。没抓到重点
cal
POST[cmd] 这次我们玩过滤好了。没抓到重点
captoinfo
POST[cmd] 这次我们玩过滤好了。没抓到重点
catchsegv
POST[cmd] 这次我们玩过滤好了。没抓到重点
certutil
POST[cmd] 这次我们玩过滤好了。没抓到重点
chage
POST[cmd] 这次我们玩过滤好了。没抓到重点
chcon
POST[cmd] 这次我们玩过滤好了。没抓到重点
checkmodule
POST[cmd] 这次我们玩过滤好了。没抓到重点
checkpolicy
POST[cmd] 这次我们玩过滤好了。没抓到重点
chfn
POST[cmd] 这次我们玩过滤好了。没抓到重点
chrt
POST[cmd] 这次我们玩过滤好了。没抓到重点
chsh
POST[cmd] 这次我们玩过滤好了。没抓到重点
cjpeg
POST[cmd] 这次我们玩过滤好了。没抓到重点
cksum
POST[cmd] 这次我们玩过滤好了。没抓到重点
clear
POST[cmd] 这次我们玩过滤好了。没抓到重点
cmp
POST[cmd] 这次我们玩过滤好了。没抓到重点
cmsutil
POST[cmd] 这次我们玩过滤好了。没抓到重点
col
POST[cmd] 这次我们玩过滤好了。没抓到重点
colcrt
POST[cmd] 这次我们玩过滤好了。没抓到重点
colrm
POST[cmd] 这次我们玩过滤好了。没抓到重点
column
POST[cmd] 这次我们玩过滤好了。没抓到重点
comm
POST[cmd] 这次我们玩过滤好了。没抓到重点
crlutil
POST[cmd] 这次我们玩过滤好了。没抓到重点
csplit
POST[cmd] 这次我们玩过滤好了。没抓到重点
curl
POST[cmd] 这次我们玩过滤好了。没抓到重点
cut
POST[cmd] 这次我们玩过滤好了。
<!--
	eval(exec($c));//read flag.txt But no cat!！！
-->
db_archive
POST[cmd] 这次我们玩过滤好了。没抓到重点
db_checkpoint
POST[cmd] 这次我们玩过滤好了。没抓到重点
db_codegen
POST[cmd] 这次我们玩过滤好了。没抓到重点
db_deadlock
POST[cmd] 这次我们玩过滤好了。没抓到重点
db_dump
POST[cmd] 这次我们玩过滤好了。没抓到重点
db_dump185
POST[cmd] 这次我们玩过滤好了。没抓到重点
db_hotbackup
POST[cmd] 这次我们玩过滤好了。没抓到重点
db_load
POST[cmd] 这次我们玩过滤好了。没抓到重点
db_printlog
POST[cmd] 这次我们玩过滤好了。没抓到重点
db_recover
POST[cmd] 这次我们玩过滤好了。没抓到重点
db_stat
POST[cmd] 这次我们玩过滤好了。没抓到重点
db_upgrade
POST[cmd] 这次我们玩过滤好了。没抓到重点
db_verify
POST[cmd] 这次我们玩过滤好了。没抓到重点
dbus-binding-tool
POST[cmd] 这次我们玩过滤好了。没抓到重点
ddate
POST[cmd] 这次我们玩过滤好了。没抓到重点
diff
POST[cmd] 这次我们玩过滤好了。没抓到重点
diff3
POST[cmd] 这次我们玩过滤好了。没抓到重点
dig
POST[cmd] 这次我们玩过滤好了。没抓到重点
dir
POST[cmd] 这次我们玩过滤好了。没抓到重点
dircolors
POST[cmd] 这次我们玩过滤好了。没抓到重点
dirname
POST[cmd] 这次我们玩过滤好了。没抓到重点
djpeg
POST[cmd] 这次我们玩过滤好了。没抓到重点
du
POST[cmd] 这次我们玩过滤好了。没抓到重点
env
POST[cmd] 这次我们玩过滤好了。没抓到重点
eqn
POST[cmd] 这次我们玩过滤好了。没抓到重点
eqn2graph
POST[cmd] 这次我们玩过滤好了。没抓到重点
expand
POST[cmd] 这次我们玩过滤好了。没抓到重点
expr
POST[cmd] 这次我们玩过滤好了。没抓到重点
factor
POST[cmd] 这次我们玩过滤好了。没抓到重点
fallocate
POST[cmd] 这次我们玩过滤好了。没抓到重点
file
POST[cmd] 这次我们玩过滤好了。没抓到重点
find
POST[cmd] 这次我们玩过滤好了。没抓到重点
flock
POST[cmd] 这次我们玩过滤好了。没抓到重点
floppy
POST[cmd] 这次我们玩过滤好了。没抓到重点
fmt
POST[cmd] 这次我们玩过滤好了。没抓到重点
fold
POST[cmd] 这次我们玩过滤好了。没抓到重点
free
POST[cmd] 这次我们玩过滤好了。没抓到重点
gawk
POST[cmd] 这次我们玩过滤好了。没抓到重点
gdbus
POST[cmd] 这次我们玩过滤好了。没抓到重点
gencat
POST[cmd] 这次我们玩过滤好了。没抓到重点
geqn
POST[cmd] 这次我们玩过滤好了。没抓到重点
getconf
POST[cmd] 这次我们玩过滤好了。没抓到重点
getent
POST[cmd] 这次我们玩过滤好了。没抓到重点
getopt
POST[cmd] 这次我们玩过滤好了。没抓到重点
gindxbib
POST[cmd] 这次我们玩过滤好了。没抓到重点
gio-querymodules-64
POST[cmd] 这次我们玩过滤好了。没抓到重点
glib-compile-schemas
POST[cmd] 这次我们玩过滤好了。没抓到重点
glookbib
POST[cmd] 这次我们玩过滤好了。没抓到重点
gmake
POST[cmd] 这次我们玩过滤好了。没抓到重点
gneqn
POST[cmd] 这次我们玩过滤好了。没抓到重点
gnroff
POST[cmd] 这次我们玩过滤好了。没抓到重点
gpasswd
POST[cmd] 这次我们玩过滤好了。没抓到重点
gpg
POST[cmd] 这次我们玩过滤好了。没抓到重点
gpg-agent
POST[cmd] 这次我们玩过滤好了。没抓到重点
gpg-connect-agent
POST[cmd] 这次我们玩过滤好了。没抓到重点
gpg-error
POST[cmd] 这次我们玩过滤好了。没抓到重点
gpg-zip
POST[cmd] 这次我们玩过滤好了。没抓到重点
gpg2
POST[cmd] 这次我们玩过滤好了。没抓到重点
gpgconf
POST[cmd] 这次我们玩过滤好了。没抓到重点
gpgkey2ssh
POST[cmd] 这次我们玩过滤好了。没抓到重点
gpgparsemail
POST[cmd] 这次我们玩过滤好了。没抓到重点
gpgsplit
POST[cmd] 这次我们玩过滤好了。没抓到重点
gpgv
POST[cmd] 这次我们玩过滤好了。没抓到重点
gpgv2
POST[cmd] 这次我们玩过滤好了。没抓到重点
gpic
POST[cmd] 这次我们玩过滤好了。没抓到重点
gprof
POST[cmd] 这次我们玩过滤好了。没抓到重点
grefer
POST[cmd] 这次我们玩过滤好了。没抓到重点
grn
POST[cmd] 这次我们玩过滤好了。没抓到重点
grodvi
POST[cmd] 这次我们玩过滤好了。没抓到重点
groff
POST[cmd] 这次我们玩过滤好了。没抓到重点
groffer
POST[cmd] 这次我们玩过滤好了。没抓到重点
grog
POST[cmd] 这次我们玩过滤好了。没抓到重点
grolbp
POST[cmd] 这次我们玩过滤好了。没抓到重点
grolj4
POST[cmd] 这次我们玩过滤好了。没抓到重点
grops
POST[cmd] 这次我们玩过滤好了。没抓到重点
grotty
POST[cmd] 这次我们玩过滤好了。没抓到重点
groups
POST[cmd] 这次我们玩过滤好了。没抓到重点
gsoelim
POST[cmd] 这次我们玩过滤好了。没抓到重点
gtbl
POST[cmd] 这次我们玩过滤好了。没抓到重点
gtroff
POST[cmd] 这次我们玩过滤好了。没抓到重点
gunzip
POST[cmd] 这次我们玩过滤好了。没抓到重点
gzexe
POST[cmd] 这次我们玩过滤好了。没抓到重点
gzip
POST[cmd] 这次我们玩过滤好了。没抓到重点
head
POST[cmd] 这次我们玩过滤好了。没抓到重点
hexdump
POST[cmd] 这次我们玩过滤好了。没抓到重点
host
POST[cmd] 这次我们玩过滤好了。没抓到重点
hostid
POST[cmd] 这次我们玩过滤好了。没抓到重点
hpftodit
POST[cmd] 这次我们玩过滤好了。没抓到重点
htdbm
POST[cmd] 这次我们玩过滤好了。没抓到重点
htdigest
POST[cmd] 这次我们玩过滤好了。没抓到重点
htpasswd
POST[cmd] 这次我们玩过滤好了。没抓到重点
i386
POST[cmd] 这次我们玩过滤好了。没抓到重点
iconv
POST[cmd] 这次我们玩过滤好了。没抓到重点
id
POST[cmd] 这次我们玩过滤好了。没抓到重点
idn
POST[cmd] 这次我们玩过滤好了。没抓到重点
igawk
POST[cmd] 这次我们玩过滤好了。没抓到重点
indxbib
POST[cmd] 这次我们玩过滤好了。没抓到重点
info
POST[cmd] 这次我们玩过滤好了。没抓到重点
infocmp
POST[cmd] 这次我们玩过滤好了。没抓到重点
infokey
POST[cmd] 这次我们玩过滤好了。没抓到重点
infotocap
POST[cmd] 这次我们玩过滤好了。没抓到重点
install
POST[cmd] 这次我们玩过滤好了。没抓到重点
ionice
POST[cmd] 这次我们玩过滤好了。没抓到重点
ipcmk
POST[cmd] 这次我们玩过滤好了。没抓到重点
ipcrm
POST[cmd] 这次我们玩过滤好了。没抓到重点
ipcs
POST[cmd] 这次我们玩过滤好了。没抓到重点
isosize
POST[cmd] 这次我们玩过滤好了。没抓到重点
join
POST[cmd] 这次我们玩过滤好了。没抓到重点
jpegtran
POST[cmd] 这次我们玩过滤好了。没抓到重点
kill
POST[cmd] 这次我们玩过滤好了。没抓到重点
killall
POST[cmd] 这次我们玩过滤好了。没抓到重点
last
POST[cmd] 这次我们玩过滤好了。没抓到重点
lastb
POST[cmd] 这次我们玩过滤好了。没抓到重点
lastlog
POST[cmd] 这次我们玩过滤好了。没抓到重点
lchfn
POST[cmd] 这次我们玩过滤好了。没抓到重点
lchsh
POST[cmd] 这次我们玩过滤好了。没抓到重点
ld
POST[cmd] 这次我们玩过滤好了。没抓到重点
ldd
POST[cmd] 这次我们玩过滤好了。没抓到重点
less
POST[cmd] 这次我们玩过滤好了。没抓到重点
lessecho
POST[cmd] 这次我们玩过滤好了。没抓到重点
lesskey
POST[cmd] 这次我们玩过滤好了。没抓到重点
lesspipe.sh
POST[cmd] 这次我们玩过滤好了。没抓到重点
linux32
POST[cmd] 这次我们玩过滤好了。没抓到重点
linux64
POST[cmd] 这次我们玩过滤好了。没抓到重点
lkbib
POST[cmd] 这次我们玩过滤好了。没抓到重点
locale
POST[cmd] 这次我们玩过滤好了。没抓到重点
localedef
POST[cmd] 这次我们玩过滤好了。没抓到重点
logger
POST[cmd] 这次我们玩过滤好了。没抓到重点
logname
POST[cmd] 这次我们玩过滤好了。没抓到重点
logresolve
POST[cmd] 这次我们玩过滤好了。没抓到重点
look
POST[cmd] 这次我们玩过滤好了。没抓到重点
lookbib
POST[cmd] 这次我们玩过滤好了。没抓到重点
lscpu
POST[cmd] 这次我们玩过滤好了。没抓到重点
lslogins
POST[cmd] 这次我们玩过滤好了。没抓到重点
lua
POST[cmd] 这次我们玩过滤好了。没抓到重点
luac
POST[cmd] 这次我们玩过滤好了。没抓到重点
make
POST[cmd] 这次我们玩过滤好了。没抓到重点
mcookie
POST[cmd] 这次我们玩过滤好了。没抓到重点
md5sum
POST[cmd] 这次我们玩过滤好了。没抓到重点
mesg
POST[cmd] 这次我们玩过滤好了。没抓到重点
mkfifo
POST[cmd] 这次我们玩过滤好了。没抓到重点
modutil
POST[cmd] 这次我们玩过滤好了。没抓到重点
namei
POST[cmd] 这次我们玩过滤好了。没抓到重点
neqn
POST[cmd] 这次我们玩过滤好了。没抓到重点
newgrp
POST[cmd] 这次我们玩过滤好了。没抓到重点
nl
POST[cmd] 这次我们玩过滤好了。没抓到重点
nm
POST[cmd] 这次我们玩过滤好了。没抓到重点
nohup
POST[cmd] 这次我们玩过滤好了。没抓到重点
nproc
POST[cmd] 这次我们玩过滤好了。没抓到重点
nroff
POST[cmd] 这次我们玩过滤好了。没抓到重点
nsenter
POST[cmd] 这次我们玩过滤好了。没抓到重点
nslookup
POST[cmd] 这次我们玩过滤好了。没抓到重点
nsupdate
POST[cmd] 这次我们玩过滤好了。没抓到重点
objcopy
POST[cmd] 这次我们玩过滤好了。没抓到重点
objdump
POST[cmd] 这次我们玩过滤好了。没抓到重点
od
POST[cmd] 这次我们玩过滤好了。没抓到重点
oldfind
POST[cmd] 这次我们玩过滤好了。没抓到重点
openssl
POST[cmd] 这次我们玩过滤好了。没抓到重点
p11-kit
POST[cmd] 这次我们玩过滤好了。没抓到重点
passwd
POST[cmd] 这次我们玩过滤好了。没抓到重点
paste
POST[cmd] 这次我们玩过滤好了。没抓到重点
pathchk
POST[cmd] 这次我们玩过滤好了。没抓到重点
pcregrep
POST[cmd] 这次我们玩过滤好了。没抓到重点
pcretest
POST[cmd] 这次我们玩过滤好了。没抓到重点
peekfd
POST[cmd] 这次我们玩过滤好了。没抓到重点
pfbtops
POST[cmd] 这次我们玩过滤好了。没抓到重点
pgawk
POST[cmd] 这次我们玩过滤好了。没抓到重点
pgrep
POST[cmd] 这次我们玩过滤好了。没抓到重点
phar
POST[cmd] 这次我们玩过滤好了。没抓到重点
phar.phar
POST[cmd] 这次我们玩过滤好了。没抓到重点
php
POST[cmd] 这次我们玩过滤好了。没抓到重点
php-cgi
POST[cmd] 这次我们玩过滤好了。没抓到重点
pic
POST[cmd] 这次我们玩过滤好了。没抓到重点
pic2graph
POST[cmd] 这次我们玩过滤好了。没抓到重点
pinentry
POST[cmd] 这次我们玩过滤好了。没抓到重点
pinentry-curses
POST[cmd] 这次我们玩过滤好了。没抓到重点
pinky
POST[cmd] 这次我们玩过滤好了。没抓到重点
pk12util
POST[cmd] 这次我们玩过滤好了。没抓到重点
pkg-config
POST[cmd] 这次我们玩过滤好了。没抓到重点
pkill
POST[cmd] 这次我们玩过滤好了。没抓到重点
plymouth
POST[cmd] 这次我们玩过滤好了。没抓到重点
pmap
POST[cmd] 这次我们玩过滤好了。没抓到重点
post-grohtml
POST[cmd] 这次我们玩过滤好了。没抓到重点
pr
POST[cmd] 这次我们玩过滤好了。没抓到重点
pre-grohtml
POST[cmd] 这次我们玩过滤好了。没抓到重点
printenv
POST[cmd] 这次我们玩过滤好了。没抓到重点
printf
POST[cmd] 这次我们玩过滤好了。没抓到重点
pstree
POST[cmd] 这次我们玩过滤好了。没抓到重点
pstree.x11
POST[cmd] 这次我们玩过滤好了。没抓到重点
ptx
POST[cmd] 这次我们玩过滤好了。没抓到重点
pwdx
POST[cmd] 这次我们玩过滤好了。没抓到重点
pydoc
POST[cmd] 这次我们玩过滤好了。没抓到重点
python
POST[cmd] 这次我们玩过滤好了。没抓到重点
python2
POST[cmd] 这次我们玩过滤好了。没抓到重点
python2.6
POST[cmd] 这次我们玩过滤好了。没抓到重点
ranlib
POST[cmd] 这次我们玩过滤好了。没抓到重点
rdjpgcom
POST[cmd] 这次我们玩过滤好了。没抓到重点
readelf
POST[cmd] 这次我们玩过滤好了。没抓到重点
readlink
POST[cmd] 这次我们玩过滤好了。没抓到重点
refer
POST[cmd] 这次我们玩过滤好了。没抓到重点
rename
POST[cmd] 这次我们玩过滤好了。没抓到重点
renice
POST[cmd] 这次我们玩过滤好了。没抓到重点
reset
POST[cmd] 这次我们玩过滤好了。没抓到重点
rev
POST[cmd] 这次我们玩过滤好了。没抓到重点
rhgb-client
POST[cmd] 这次我们玩过滤好了。没抓到重点
rpcgen
POST[cmd] 这次我们玩过滤好了。没抓到重点
rpm2cpio
POST[cmd] 这次我们玩过滤好了。没抓到重点
rpmdb
POST[cmd] 这次我们玩过滤好了。没抓到重点
rpmquery
POST[cmd] 这次我们玩过滤好了。没抓到重点
rpmsign
POST[cmd] 这次我们玩过滤好了。没抓到重点
rpmverify
POST[cmd] 这次我们玩过滤好了。没抓到重点
runcon
POST[cmd] 这次我们玩过滤好了。没抓到重点
script
POST[cmd] 这次我们玩过滤好了。没抓到重点
scriptreplay
POST[cmd] 这次我们玩过滤好了。没抓到重点
sdiff
POST[cmd] 这次我们玩过滤好了。没抓到重点
secon
POST[cmd] 这次我们玩过滤好了。没抓到重点
sedismod
POST[cmd] 这次我们玩过滤好了。没抓到重点
sedispol
POST[cmd] 这次我们玩过滤好了。没抓到重点
semodule_deps
POST[cmd] 这次我们玩过滤好了。没抓到重点
semodule_expand
POST[cmd] 这次我们玩过滤好了。没抓到重点
semodule_link
POST[cmd] 这次我们玩过滤好了。没抓到重点
semodule_package
POST[cmd] 这次我们玩过滤好了。没抓到重点
seq
POST[cmd] 这次我们玩过滤好了。没抓到重点
setarch
POST[cmd] 这次我们玩过滤好了。没抓到重点
setsid
POST[cmd] 这次我们玩过滤好了。没抓到重点
setterm
POST[cmd] 这次我们玩过滤好了。没抓到重点
setup-nsssysinit.sh
POST[cmd] 这次我们玩过滤好了。没抓到重点
sg
POST[cmd] 这次我们玩过滤好了。没抓到重点
sha1sum
POST[cmd] 这次我们玩过滤好了。没抓到重点
sha224sum
POST[cmd] 这次我们玩过滤好了。没抓到重点
sha256sum
POST[cmd] 这次我们玩过滤好了。没抓到重点
sha384sum
POST[cmd] 这次我们玩过滤好了。没抓到重点
sha512sum
POST[cmd] 这次我们玩过滤好了。没抓到重点
shred
POST[cmd] 这次我们玩过滤好了。没抓到重点
shuf
POST[cmd] 这次我们玩过滤好了。没抓到重点
signtool
POST[cmd] 这次我们玩过滤好了。没抓到重点
signver
POST[cmd] 这次我们玩过滤好了。没抓到重点
size
POST[cmd] 这次我们玩过滤好了。没抓到重点
skill
POST[cmd] 这次我们玩过滤好了。没抓到重点
slabtop
POST[cmd] 这次我们玩过滤好了。没抓到重点
snice
POST[cmd] 这次我们玩过滤好了。没抓到重点
soelim
POST[cmd] 这次我们玩过滤好了。没抓到重点
split
POST[cmd] 这次我们玩过滤好了。没抓到重点
sprof
POST[cmd] 这次我们玩过滤好了。没抓到重点
sqlite3
POST[cmd] 这次我们玩过滤好了。没抓到重点
ssltap
POST[cmd] 这次我们玩过滤好了。没抓到重点
stat
POST[cmd] 这次我们玩过滤好了。没抓到重点
stdbuf
POST[cmd] 这次我们玩过滤好了。没抓到重点
strings
POST[cmd] 这次我们玩过滤好了。没抓到重点
strip
POST[cmd] 这次我们玩过滤好了。没抓到重点
sum
POST[cmd] 这次我们玩过滤好了。没抓到重点
tabs
POST[cmd] 这次我们玩过滤好了。没抓到重点
tac
POST[cmd] 这次我们玩过滤好了。没抓到重点
tail
POST[cmd] 这次我们玩过滤好了。没抓到重点
tailf
POST[cmd] 这次我们玩过滤好了。没抓到重点
tbl
POST[cmd] 这次我们玩过滤好了。没抓到重点
tee
POST[cmd] 这次我们玩过滤好了。没抓到重点
test
POST[cmd] 这次我们玩过滤好了。没抓到重点
tfmtodit
POST[cmd] 这次我们玩过滤好了。没抓到重点
tic
POST[cmd] 这次我们玩过滤好了。没抓到重点
timeout
POST[cmd] 这次我们玩过滤好了。没抓到重点
tload
POST[cmd] 这次我们玩过滤好了。没抓到重点
toe
POST[cmd] 这次我们玩过滤好了。没抓到重点
top
POST[cmd] 这次我们玩过滤好了。没抓到重点
tput
POST[cmd] 这次我们玩过滤好了。没抓到重点
tr
POST[cmd] 这次我们玩过滤好了。没抓到重点
troff
POST[cmd] 这次我们玩过滤好了。没抓到重点
truncate
POST[cmd] 这次我们玩过滤好了。没抓到重点
tset
POST[cmd] 这次我们玩过滤好了。没抓到重点
tsort
POST[cmd] 这次我们玩过滤好了。没抓到重点
tty
POST[cmd] 这次我们玩过滤好了。没抓到重点
tzselect
POST[cmd] 这次我们玩过滤好了。没抓到重点
ul
POST[cmd] 这次我们玩过滤好了。没抓到重点
unexpand
POST[cmd] 这次我们玩过滤好了。没抓到重点
uniq
POST[cmd] 这次我们玩过滤好了。没抓到重点
unshare
POST[cmd] 这次我们玩过滤好了。没抓到重点
update-ca-trust
POST[cmd] 这次我们玩过滤好了。没抓到重点
update-gio-modules
POST[cmd] 这次我们玩过滤好了。没抓到重点
update-mime-database
POST[cmd] 这次我们玩过滤好了。没抓到重点
uptime
POST[cmd] 这次我们玩过滤好了。没抓到重点
urlgrabber
POST[cmd] 这次我们玩过滤好了。没抓到重点
users
POST[cmd] 这次我们玩过滤好了。没抓到重点
utmpdump
POST[cmd] 这次我们玩过滤好了。没抓到重点
uuidgen
POST[cmd] 这次我们玩过滤好了。没抓到重点
vdir
POST[cmd] 这次我们玩过滤好了。没抓到重点
vmstat
POST[cmd] 这次我们玩过滤好了。没抓到重点
w
POST[cmd] 这次我们玩过滤好了。没抓到重点
wall
POST[cmd] 这次我们玩过滤好了。没抓到重点
watch
POST[cmd] 这次我们玩过滤好了。没抓到重点
watchgnupg
POST[cmd] 这次我们玩过滤好了。没抓到重点
wc
POST[cmd] 这次我们玩过滤好了。没抓到重点
whereis
POST[cmd] 这次我们玩过滤好了。没抓到重点
which
POST[cmd] 这次我们玩过滤好了。没抓到重点
who
POST[cmd] 这次我们玩过滤好了。没抓到重点
whoami
POST[cmd] 这次我们玩过滤好了。没抓到重点
write
POST[cmd] 这次我们玩过滤好了。没抓到重点
wrjpgcom
POST[cmd] 这次我们玩过滤好了。没抓到重点
x86_64
POST[cmd] 这次我们玩过滤好了。没抓到重点
xargs
POST[cmd] 这次我们玩过滤好了。没抓到重点
xmlcatalog
POST[cmd] 这次我们玩过滤好了。没抓到重点
xmllint
POST[cmd] 这次我们玩过滤好了。没抓到重点
xmlwf
POST[cmd] 这次我们玩过滤好了。没抓到重点
yes
POST[cmd] 这次我们玩过滤好了。没抓到重点
yum
POST[cmd] 这次我们玩过滤好了。没抓到重点
zcmp
POST[cmd] 这次我们玩过滤好了。没抓到重点
zdiff
POST[cmd] 这次我们玩过滤好了。没抓到重点
zegrep
POST[cmd] 这次我们玩过滤好了。没抓到重点
zfgrep
POST[cmd] 这次我们玩过滤好了。没抓到重点
zforce
POST[cmd] 这次我们玩过滤好了。没抓到重点
zgrep
POST[cmd] 这次我们玩过滤好了。没抓到重点
zless
POST[cmd] 这次我们玩过滤好了。没抓到重点
zmore
POST[cmd] 这次我们玩过滤好了。没抓到重点
znew
POST[cmd] 这次我们玩过滤好了。没抓到重点
zsoelim
POST[cmd] 这次我们玩过滤好了。没抓到重点

POST[cmd] 这次我们玩过滤好了。没抓到重点

POST[cmd] 这次我们玩过滤好了。没抓到重点
