arch
POST[a] 这次我们玩过滤好了。没抓到重点
awk
POST[a] 这次我们玩过滤好了。没抓到重点
basename
POST[a] 这次我们玩过滤好了。没抓到重点
bash
POST[a] 这次我们玩过滤好了。没抓到重点
cat
POST[a] 这次我们玩过滤好了。没抓到重点
chgrp
POST[a] 这次我们玩过滤好了。没抓到重点
chmod
POST[a] 这次我们玩过滤好了。没抓到重点
chown
POST[a] 这次我们玩过滤好了。没抓到重点
cp
POST[a] 这次我们玩过滤好了。没抓到重点
cpio
POST[a] 这次我们玩过滤好了。没抓到重点
cut
POST[a] 这次我们玩过滤好了。
<!--
	eval(system($c));//read flag.txt But no cat!！！
-->
dash
POST[a] 这次我们玩过滤好了。没抓到重点
date
POST[a] 这次我们玩过滤好了。没抓到重点
dd
POST[a] 这次我们玩过滤好了。没抓到重点
df
POST[a] 这次我们玩过滤好了。没抓到重点
dmesg
POST[a] 这次我们玩过滤好了。没抓到重点
dnsdomainname
POST[a] 这次我们玩过滤好了。没抓到重点
domainname
POST[a] 这次我们玩过滤好了。没抓到重点
echo
POST[a] 这次我们玩过滤好了。没抓到重点
egrep
POST[a] 这次我们玩过滤好了。没抓到重点
env
POST[a] 这次我们玩过滤好了。没抓到重点
ex
POST[a] 这次我们玩过滤好了。没抓到重点
false
POST[a] 这次我们玩过滤好了。没抓到重点
fgrep
POST[a] 这次我们玩过滤好了。没抓到重点
find
POST[a] 这次我们玩过滤好了。没抓到重点
findmnt
POST[a] 这次我们玩过滤好了。没抓到重点
gawk
POST[a] 这次我们玩过滤好了。没抓到重点
grep
POST[a] 这次我们玩过滤好了。没抓到重点
gtar
POST[a] 这次我们玩过滤好了。没抓到重点
gunzip
POST[a] 这次我们玩过滤好了。没抓到重点
gzip
POST[a] 这次我们玩过滤好了。没抓到重点
hostname
POST[a] 这次我们玩过滤好了。没抓到重点
ipcalc
POST[a] 这次我们玩过滤好了。没抓到重点
iptables-xml
POST[a] 这次我们玩过滤好了。没抓到重点
iptables-xml-1.4.7
POST[a] 这次我们玩过滤好了。没抓到重点
kill
POST[a] 这次我们玩过滤好了。没抓到重点
link
POST[a] 这次我们玩过滤好了。没抓到重点
ln
POST[a] 这次我们玩过滤好了。没抓到重点
logger
POST[a] 这次我们玩过滤好了。没抓到重点
login
POST[a] 这次我们玩过滤好了。没抓到重点
ls
POST[a] 这次我们玩过滤好了。没抓到重点
lsblk
POST[a] 这次我们玩过滤好了。没抓到重点
mkdir
POST[a] 这次我们玩过滤好了。没抓到重点
mknod
POST[a] 这次我们玩过滤好了。没抓到重点
mktemp
POST[a] 这次我们玩过滤好了。没抓到重点
more
POST[a] 这次我们玩过滤好了。没抓到重点
mount
POST[a] 这次我们玩过滤好了。没抓到重点
mountpoint
POST[a] 这次我们玩过滤好了。没抓到重点
mv
POST[a] 这次我们玩过滤好了。没抓到重点
netstat
POST[a] 这次我们玩过滤好了。没抓到重点
nice
POST[a] 这次我们玩过滤好了。没抓到重点
nisdomainname
POST[a] 这次我们玩过滤好了。没抓到重点
ping
POST[a] 这次我们玩过滤好了。没抓到重点
ping6
POST[a] 这次我们玩过滤好了。没抓到重点
plymouth
POST[a] 这次我们玩过滤好了。没抓到重点
ps
POST[a] 这次我们玩过滤好了。没抓到重点
pwd
POST[a] 这次我们玩过滤好了。没抓到重点
raw
POST[a] 这次我们玩过滤好了。没抓到重点
readlink
POST[a] 这次我们玩过滤好了。没抓到重点
rm
POST[a] 这次我们玩过滤好了。没抓到重点
rmdir
POST[a] 这次我们玩过滤好了。没抓到重点
rpm
POST[a] 这次我们玩过滤好了。没抓到重点
rvi
POST[a] 这次我们玩过滤好了。没抓到重点
rview
POST[a] 这次我们玩过滤好了。没抓到重点
sed
POST[a] 这次我们玩过滤好了。没抓到重点
sh
POST[a] 这次我们玩过滤好了。没抓到重点
sleep
POST[a] 这次我们玩过滤好了。没抓到重点
sort
POST[a] 这次我们玩过滤好了。没抓到重点
stty
POST[a] 这次我们玩过滤好了。没抓到重点
su
POST[a] 这次我们玩过滤好了。没抓到重点
sync
POST[a] 这次我们玩过滤好了。没抓到重点
tar
POST[a] 这次我们玩过滤好了。没抓到重点
taskset
POST[a] 这次我们玩过滤好了。没抓到重点
touch
POST[a] 这次我们玩过滤好了。没抓到重点
tracepath
POST[a] 这次我们玩过滤好了。没抓到重点
tracepath6
POST[a] 这次我们玩过滤好了。没抓到重点
true
POST[a] 这次我们玩过滤好了。没抓到重点
umount
POST[a] 这次我们玩过滤好了。没抓到重点
uname
POST[a] 这次我们玩过滤好了。没抓到重点
unlink
POST[a] 这次我们玩过滤好了。没抓到重点
usleep
POST[a] 这次我们玩过滤好了。没抓到重点
vi
POST[a] 这次我们玩过滤好了。没抓到重点
view
POST[a] 这次我们玩过滤好了。没抓到重点
ypdomainname
POST[a] 这次我们玩过滤好了。没抓到重点
zcat
POST[a] 这次我们玩过滤好了。没抓到重点
[
POST[a] 这次我们玩过滤好了。没抓到重点
ab
POST[a] 这次我们玩过滤好了。没抓到重点
addftinfo
POST[a] 这次我们玩过滤好了。没抓到重点
addr2line
POST[a] 这次我们玩过滤好了。没抓到重点
ar
POST[a] 这次我们玩过滤好了。没抓到重点
as
POST[a] 这次我们玩过滤好了。没抓到重点
awk
POST[a] 这次我们玩过滤好了。没抓到重点
base64
POST[a] 这次我们玩过滤好了。没抓到重点
bashbug-64
POST[a] 这次我们玩过滤好了。没抓到重点
berkeley_db_svc
POST[a] 这次我们玩过滤好了。没抓到重点
bunzip2
POST[a] 这次我们玩过滤好了。没抓到重点
bzcat
POST[a] 这次我们玩过滤好了。没抓到重点
bzcmp
POST[a] 这次我们玩过滤好了。没抓到重点
bzdiff
POST[a] 这次我们玩过滤好了。没抓到重点
bzgrep
POST[a] 这次我们玩过滤好了。没抓到重点
bzip2
POST[a] 这次我们玩过滤好了。没抓到重点
bzip2recover
POST[a] 这次我们玩过滤好了。没抓到重点
bzless
POST[a] 这次我们玩过滤好了。没抓到重点
bzmore
POST[a] 这次我们玩过滤好了。没抓到重点
c++filt
POST[a] 这次我们玩过滤好了。没抓到重点
ca-legacy
POST[a] 这次我们玩过滤好了。没抓到重点
cal
POST[a] 这次我们玩过滤好了。没抓到重点
captoinfo
POST[a] 这次我们玩过滤好了。没抓到重点
catchsegv
POST[a] 这次我们玩过滤好了。没抓到重点
certutil
POST[a] 这次我们玩过滤好了。没抓到重点
chage
POST[a] 这次我们玩过滤好了。没抓到重点
chcon
POST[a] 这次我们玩过滤好了。没抓到重点
checkmodule
POST[a] 这次我们玩过滤好了。没抓到重点
checkpolicy
POST[a] 这次我们玩过滤好了。没抓到重点
chfn
POST[a] 这次我们玩过滤好了。没抓到重点
chrt
POST[a] 这次我们玩过滤好了。没抓到重点
chsh
POST[a] 这次我们玩过滤好了。没抓到重点
cjpeg
POST[a] 这次我们玩过滤好了。没抓到重点
cksum
POST[a] 这次我们玩过滤好了。没抓到重点
clear
POST[a] 这次我们玩过滤好了。没抓到重点
cmp
POST[a] 这次我们玩过滤好了。没抓到重点
cmsutil
POST[a] 这次我们玩过滤好了。没抓到重点
col
POST[a] 这次我们玩过滤好了。没抓到重点
colcrt
POST[a] 这次我们玩过滤好了。没抓到重点
colrm
POST[a] 这次我们玩过滤好了。没抓到重点
column
POST[a] 这次我们玩过滤好了。没抓到重点
comm
POST[a] 这次我们玩过滤好了。没抓到重点
crlutil
POST[a] 这次我们玩过滤好了。没抓到重点
csplit
POST[a] 这次我们玩过滤好了。没抓到重点
curl
POST[a] 这次我们玩过滤好了。没抓到重点
cut
POST[a] 这次我们玩过滤好了。
<!--
	eval(system($c));//read flag.txt But no cat!！！
-->
db_archive
POST[a] 这次我们玩过滤好了。没抓到重点
db_checkpoint
POST[a] 这次我们玩过滤好了。没抓到重点
db_codegen
POST[a] 这次我们玩过滤好了。没抓到重点
db_deadlock
POST[a] 这次我们玩过滤好了。没抓到重点
db_dump
POST[a] 这次我们玩过滤好了。没抓到重点
db_dump185
POST[a] 这次我们玩过滤好了。没抓到重点
db_hotbackup
POST[a] 这次我们玩过滤好了。没抓到重点
db_load
POST[a] 这次我们玩过滤好了。没抓到重点
db_printlog
POST[a] 这次我们玩过滤好了。没抓到重点
db_recover
POST[a] 这次我们玩过滤好了。没抓到重点
db_stat
POST[a] 这次我们玩过滤好了。没抓到重点
db_upgrade
POST[a] 这次我们玩过滤好了。没抓到重点
db_verify
POST[a] 这次我们玩过滤好了。没抓到重点
dbus-binding-tool
POST[a] 这次我们玩过滤好了。没抓到重点
ddate
POST[a] 这次我们玩过滤好了。没抓到重点
diff
POST[a] 这次我们玩过滤好了。没抓到重点
diff3
POST[a] 这次我们玩过滤好了。没抓到重点
dig
POST[a] 这次我们玩过滤好了。没抓到重点
dir
POST[a] 这次我们玩过滤好了。没抓到重点
dircolors
POST[a] 这次我们玩过滤好了。没抓到重点
dirname
POST[a] 这次我们玩过滤好了。没抓到重点
djpeg
POST[a] 这次我们玩过滤好了。没抓到重点
du
POST[a] 这次我们玩过滤好了。没抓到重点
env
POST[a] 这次我们玩过滤好了。没抓到重点
eqn
POST[a] 这次我们玩过滤好了。没抓到重点
eqn2graph
POST[a] 这次我们玩过滤好了。没抓到重点
expand
POST[a] 这次我们玩过滤好了。没抓到重点
expr
POST[a] 这次我们玩过滤好了。没抓到重点
factor
POST[a] 这次我们玩过滤好了。没抓到重点
fallocate
POST[a] 这次我们玩过滤好了。没抓到重点
file
POST[a] 这次我们玩过滤好了。没抓到重点
find
POST[a] 这次我们玩过滤好了。没抓到重点
flock
POST[a] 这次我们玩过滤好了。没抓到重点
floppy
POST[a] 这次我们玩过滤好了。没抓到重点
fmt
POST[a] 这次我们玩过滤好了。没抓到重点
fold
POST[a] 这次我们玩过滤好了。没抓到重点
free
POST[a] 这次我们玩过滤好了。没抓到重点
gawk
POST[a] 这次我们玩过滤好了。没抓到重点
gdbus
POST[a] 这次我们玩过滤好了。没抓到重点
gencat
POST[a] 这次我们玩过滤好了。没抓到重点
geqn
POST[a] 这次我们玩过滤好了。没抓到重点
getconf
POST[a] 这次我们玩过滤好了。没抓到重点
getent
POST[a] 这次我们玩过滤好了。没抓到重点
getopt
POST[a] 这次我们玩过滤好了。没抓到重点
gindxbib
POST[a] 这次我们玩过滤好了。没抓到重点
gio-querymodules-64
POST[a] 这次我们玩过滤好了。没抓到重点
glib-compile-schemas
POST[a] 这次我们玩过滤好了。没抓到重点
glookbib
POST[a] 这次我们玩过滤好了。没抓到重点
gmake
POST[a] 这次我们玩过滤好了。没抓到重点
gneqn
POST[a] 这次我们玩过滤好了。没抓到重点
gnroff
POST[a] 这次我们玩过滤好了。没抓到重点
gpasswd
POST[a] 这次我们玩过滤好了。没抓到重点
gpg
POST[a] 这次我们玩过滤好了。没抓到重点
gpg-agent
POST[a] 这次我们玩过滤好了。没抓到重点
gpg-connect-agent
POST[a] 这次我们玩过滤好了。没抓到重点
gpg-error
POST[a] 这次我们玩过滤好了。没抓到重点
gpg-zip
POST[a] 这次我们玩过滤好了。没抓到重点
gpg2
POST[a] 这次我们玩过滤好了。没抓到重点
gpgconf
POST[a] 这次我们玩过滤好了。没抓到重点
gpgkey2ssh
POST[a] 这次我们玩过滤好了。没抓到重点
gpgparsemail
POST[a] 这次我们玩过滤好了。没抓到重点
gpgsplit
POST[a] 这次我们玩过滤好了。没抓到重点
gpgv
POST[a] 这次我们玩过滤好了。没抓到重点
gpgv2
POST[a] 这次我们玩过滤好了。没抓到重点
gpic
POST[a] 这次我们玩过滤好了。没抓到重点
gprof
POST[a] 这次我们玩过滤好了。没抓到重点
grefer
POST[a] 这次我们玩过滤好了。没抓到重点
grn
POST[a] 这次我们玩过滤好了。没抓到重点
grodvi
POST[a] 这次我们玩过滤好了。没抓到重点
groff
POST[a] 这次我们玩过滤好了。没抓到重点
groffer
POST[a] 这次我们玩过滤好了。没抓到重点
grog
POST[a] 这次我们玩过滤好了。没抓到重点
grolbp
POST[a] 这次我们玩过滤好了。没抓到重点
grolj4
POST[a] 这次我们玩过滤好了。没抓到重点
grops
POST[a] 这次我们玩过滤好了。没抓到重点
grotty
POST[a] 这次我们玩过滤好了。没抓到重点
groups
POST[a] 这次我们玩过滤好了。没抓到重点
gsoelim
POST[a] 这次我们玩过滤好了。没抓到重点
gtbl
POST[a] 这次我们玩过滤好了。没抓到重点
gtroff
POST[a] 这次我们玩过滤好了。没抓到重点
gunzip
POST[a] 这次我们玩过滤好了。没抓到重点
gzexe
POST[a] 这次我们玩过滤好了。没抓到重点
gzip
POST[a] 这次我们玩过滤好了。没抓到重点
head
POST[a] 这次我们玩过滤好了。没抓到重点
hexdump
POST[a] 这次我们玩过滤好了。没抓到重点
host
POST[a] 这次我们玩过滤好了。没抓到重点
hostid
POST[a] 这次我们玩过滤好了。没抓到重点
hpftodit
POST[a] 这次我们玩过滤好了。没抓到重点
htdbm
POST[a] 这次我们玩过滤好了。没抓到重点
htdigest
POST[a] 这次我们玩过滤好了。没抓到重点
htpasswd
POST[a] 这次我们玩过滤好了。没抓到重点
i386
POST[a] 这次我们玩过滤好了。没抓到重点
iconv
POST[a] 这次我们玩过滤好了。没抓到重点
id
POST[a] 这次我们玩过滤好了。没抓到重点
idn
POST[a] 这次我们玩过滤好了。没抓到重点
igawk
POST[a] 这次我们玩过滤好了。没抓到重点
indxbib
POST[a] 这次我们玩过滤好了。没抓到重点
info
POST[a] 这次我们玩过滤好了。没抓到重点
infocmp
POST[a] 这次我们玩过滤好了。没抓到重点
infokey
POST[a] 这次我们玩过滤好了。没抓到重点
infotocap
POST[a] 这次我们玩过滤好了。没抓到重点
install
POST[a] 这次我们玩过滤好了。没抓到重点
ionice
POST[a] 这次我们玩过滤好了。没抓到重点
ipcmk
POST[a] 这次我们玩过滤好了。没抓到重点
ipcrm
POST[a] 这次我们玩过滤好了。没抓到重点
ipcs
POST[a] 这次我们玩过滤好了。没抓到重点
isosize
POST[a] 这次我们玩过滤好了。没抓到重点
join
POST[a] 这次我们玩过滤好了。没抓到重点
jpegtran
POST[a] 这次我们玩过滤好了。没抓到重点
kill
POST[a] 这次我们玩过滤好了。没抓到重点
killall
POST[a] 这次我们玩过滤好了。没抓到重点
last
POST[a] 这次我们玩过滤好了。没抓到重点
lastb
POST[a] 这次我们玩过滤好了。没抓到重点
lastlog
POST[a] 这次我们玩过滤好了。没抓到重点
lchfn
POST[a] 这次我们玩过滤好了。没抓到重点
lchsh
POST[a] 这次我们玩过滤好了。没抓到重点
ld
POST[a] 这次我们玩过滤好了。没抓到重点
ldd
POST[a] 这次我们玩过滤好了。没抓到重点
less
POST[a] 这次我们玩过滤好了。没抓到重点
lessecho
POST[a] 这次我们玩过滤好了。没抓到重点
lesskey
POST[a] 这次我们玩过滤好了。没抓到重点
lesspipe.sh
POST[a] 这次我们玩过滤好了。没抓到重点
linux32
POST[a] 这次我们玩过滤好了。没抓到重点
linux64
POST[a] 这次我们玩过滤好了。没抓到重点
lkbib
POST[a] 这次我们玩过滤好了。没抓到重点
locale
POST[a] 这次我们玩过滤好了。没抓到重点
localedef
POST[a] 这次我们玩过滤好了。没抓到重点
logger
POST[a] 这次我们玩过滤好了。没抓到重点
logname
POST[a] 这次我们玩过滤好了。没抓到重点
logresolve
POST[a] 这次我们玩过滤好了。没抓到重点
look
POST[a] 这次我们玩过滤好了。没抓到重点
lookbib
POST[a] 这次我们玩过滤好了。没抓到重点
lscpu
POST[a] 这次我们玩过滤好了。没抓到重点
lslogins
POST[a] 这次我们玩过滤好了。没抓到重点
lua
POST[a] 这次我们玩过滤好了。没抓到重点
luac
POST[a] 这次我们玩过滤好了。没抓到重点
make
POST[a] 这次我们玩过滤好了。没抓到重点
mcookie
POST[a] 这次我们玩过滤好了。没抓到重点
md5sum
POST[a] 这次我们玩过滤好了。没抓到重点
mesg
POST[a] 这次我们玩过滤好了。没抓到重点
mkfifo
POST[a] 这次我们玩过滤好了。没抓到重点
modutil
POST[a] 这次我们玩过滤好了。没抓到重点
namei
POST[a] 这次我们玩过滤好了。没抓到重点
neqn
POST[a] 这次我们玩过滤好了。没抓到重点
newgrp
POST[a] 这次我们玩过滤好了。没抓到重点
nl
POST[a] 这次我们玩过滤好了。没抓到重点
nm
POST[a] 这次我们玩过滤好了。没抓到重点
nohup
POST[a] 这次我们玩过滤好了。没抓到重点
nproc
POST[a] 这次我们玩过滤好了。没抓到重点
nroff
POST[a] 这次我们玩过滤好了。没抓到重点
nsenter
POST[a] 这次我们玩过滤好了。没抓到重点
nslookup
POST[a] 这次我们玩过滤好了。没抓到重点
nsupdate
POST[a] 这次我们玩过滤好了。没抓到重点
objcopy
POST[a] 这次我们玩过滤好了。没抓到重点
objdump
POST[a] 这次我们玩过滤好了。没抓到重点
od
POST[a] 这次我们玩过滤好了。没抓到重点
oldfind
POST[a] 这次我们玩过滤好了。没抓到重点
openssl
POST[a] 这次我们玩过滤好了。没抓到重点
p11-kit
POST[a] 这次我们玩过滤好了。没抓到重点
passwd
POST[a] 这次我们玩过滤好了。没抓到重点
paste
POST[a] 这次我们玩过滤好了。没抓到重点
pathchk
POST[a] 这次我们玩过滤好了。没抓到重点
pcregrep
POST[a] 这次我们玩过滤好了。没抓到重点
pcretest
POST[a] 这次我们玩过滤好了。没抓到重点
peekfd
POST[a] 这次我们玩过滤好了。没抓到重点
pfbtops
POST[a] 这次我们玩过滤好了。没抓到重点
pgawk
POST[a] 这次我们玩过滤好了。没抓到重点
pgrep
POST[a] 这次我们玩过滤好了。没抓到重点
phar
POST[a] 这次我们玩过滤好了。没抓到重点
phar.phar
POST[a] 这次我们玩过滤好了。没抓到重点
php
POST[a] 这次我们玩过滤好了。没抓到重点
php-cgi
POST[a] 这次我们玩过滤好了。没抓到重点
pic
POST[a] 这次我们玩过滤好了。没抓到重点
pic2graph
POST[a] 这次我们玩过滤好了。没抓到重点
pinentry
POST[a] 这次我们玩过滤好了。没抓到重点
pinentry-curses
POST[a] 这次我们玩过滤好了。没抓到重点
pinky
POST[a] 这次我们玩过滤好了。没抓到重点
pk12util
POST[a] 这次我们玩过滤好了。没抓到重点
pkg-config
POST[a] 这次我们玩过滤好了。没抓到重点
pkill
POST[a] 这次我们玩过滤好了。没抓到重点
plymouth
POST[a] 这次我们玩过滤好了。没抓到重点
pmap
POST[a] 这次我们玩过滤好了。没抓到重点
post-grohtml
POST[a] 这次我们玩过滤好了。没抓到重点
pr
POST[a] 这次我们玩过滤好了。没抓到重点
pre-grohtml
POST[a] 这次我们玩过滤好了。没抓到重点
printenv
POST[a] 这次我们玩过滤好了。没抓到重点
printf
POST[a] 这次我们玩过滤好了。没抓到重点
pstree
POST[a] 这次我们玩过滤好了。没抓到重点
pstree.x11
POST[a] 这次我们玩过滤好了。没抓到重点
ptx
POST[a] 这次我们玩过滤好了。没抓到重点
pwdx
POST[a] 这次我们玩过滤好了。没抓到重点
pydoc
POST[a] 这次我们玩过滤好了。没抓到重点
python
POST[a] 这次我们玩过滤好了。没抓到重点
python2
POST[a] 这次我们玩过滤好了。没抓到重点
python2.6
POST[a] 这次我们玩过滤好了。没抓到重点
ranlib
POST[a] 这次我们玩过滤好了。没抓到重点
rdjpgcom
POST[a] 这次我们玩过滤好了。没抓到重点
readelf
POST[a] 这次我们玩过滤好了。没抓到重点
readlink
POST[a] 这次我们玩过滤好了。没抓到重点
refer
POST[a] 这次我们玩过滤好了。没抓到重点
rename
POST[a] 这次我们玩过滤好了。没抓到重点
renice
POST[a] 这次我们玩过滤好了。没抓到重点
reset
POST[a] 这次我们玩过滤好了。没抓到重点
rev
POST[a] 这次我们玩过滤好了。没抓到重点
rhgb-client
POST[a] 这次我们玩过滤好了。没抓到重点
rpcgen
POST[a] 这次我们玩过滤好了。没抓到重点
rpm2cpio
POST[a] 这次我们玩过滤好了。没抓到重点
rpmdb
POST[a] 这次我们玩过滤好了。没抓到重点
rpmquery
POST[a] 这次我们玩过滤好了。没抓到重点
rpmsign
POST[a] 这次我们玩过滤好了。没抓到重点
rpmverify
POST[a] 这次我们玩过滤好了。没抓到重点
runcon
POST[a] 这次我们玩过滤好了。没抓到重点
script
POST[a] 这次我们玩过滤好了。没抓到重点
scriptreplay
POST[a] 这次我们玩过滤好了。没抓到重点
sdiff
POST[a] 这次我们玩过滤好了。没抓到重点
secon
POST[a] 这次我们玩过滤好了。没抓到重点
sedismod
POST[a] 这次我们玩过滤好了。没抓到重点
sedispol
POST[a] 这次我们玩过滤好了。没抓到重点
semodule_deps
POST[a] 这次我们玩过滤好了。没抓到重点
semodule_expand
POST[a] 这次我们玩过滤好了。没抓到重点
semodule_link
POST[a] 这次我们玩过滤好了。没抓到重点
semodule_package
POST[a] 这次我们玩过滤好了。没抓到重点
seq
POST[a] 这次我们玩过滤好了。没抓到重点
setarch
POST[a] 这次我们玩过滤好了。没抓到重点
setsid
POST[a] 这次我们玩过滤好了。没抓到重点
setterm
POST[a] 这次我们玩过滤好了。没抓到重点
setup-nsssysinit.sh
POST[a] 这次我们玩过滤好了。没抓到重点
sg
POST[a] 这次我们玩过滤好了。没抓到重点
sha1sum
POST[a] 这次我们玩过滤好了。没抓到重点
sha224sum
POST[a] 这次我们玩过滤好了。没抓到重点
sha256sum
POST[a] 这次我们玩过滤好了。没抓到重点
sha384sum
POST[a] 这次我们玩过滤好了。没抓到重点
sha512sum
POST[a] 这次我们玩过滤好了。没抓到重点
shred
POST[a] 这次我们玩过滤好了。没抓到重点
shuf
POST[a] 这次我们玩过滤好了。没抓到重点
signtool
POST[a] 这次我们玩过滤好了。没抓到重点
signver
POST[a] 这次我们玩过滤好了。没抓到重点
size
POST[a] 这次我们玩过滤好了。没抓到重点
skill
POST[a] 这次我们玩过滤好了。没抓到重点
slabtop
POST[a] 这次我们玩过滤好了。没抓到重点
snice
POST[a] 这次我们玩过滤好了。没抓到重点
soelim
POST[a] 这次我们玩过滤好了。没抓到重点
split
POST[a] 这次我们玩过滤好了。没抓到重点
sprof
POST[a] 这次我们玩过滤好了。没抓到重点
sqlite3
POST[a] 这次我们玩过滤好了。没抓到重点
ssltap
POST[a] 这次我们玩过滤好了。没抓到重点
stat
POST[a] 这次我们玩过滤好了。没抓到重点
stdbuf
POST[a] 这次我们玩过滤好了。没抓到重点
strings
POST[a] 这次我们玩过滤好了。没抓到重点
strip
POST[a] 这次我们玩过滤好了。没抓到重点
sum
POST[a] 这次我们玩过滤好了。没抓到重点
tabs
POST[a] 这次我们玩过滤好了。没抓到重点
tac
POST[a] 这次我们玩过滤好了。没抓到重点
tail
POST[a] 这次我们玩过滤好了。没抓到重点
tailf
POST[a] 这次我们玩过滤好了。没抓到重点
tbl
POST[a] 这次我们玩过滤好了。没抓到重点
tee
POST[a] 这次我们玩过滤好了。没抓到重点
test
POST[a] 这次我们玩过滤好了。没抓到重点
tfmtodit
POST[a] 这次我们玩过滤好了。没抓到重点
tic
POST[a] 这次我们玩过滤好了。没抓到重点
timeout
POST[a] 这次我们玩过滤好了。没抓到重点
tload
POST[a] 这次我们玩过滤好了。没抓到重点
toe
POST[a] 这次我们玩过滤好了。没抓到重点
top
POST[a] 这次我们玩过滤好了。没抓到重点
tput
POST[a] 这次我们玩过滤好了。没抓到重点
tr
POST[a] 这次我们玩过滤好了。没抓到重点
troff
POST[a] 这次我们玩过滤好了。没抓到重点
truncate
POST[a] 这次我们玩过滤好了。没抓到重点
tset
POST[a] 这次我们玩过滤好了。没抓到重点
tsort
POST[a] 这次我们玩过滤好了。没抓到重点
tty
POST[a] 这次我们玩过滤好了。没抓到重点
tzselect
POST[a] 这次我们玩过滤好了。没抓到重点
ul
POST[a] 这次我们玩过滤好了。没抓到重点
unexpand
POST[a] 这次我们玩过滤好了。没抓到重点
uniq
POST[a] 这次我们玩过滤好了。没抓到重点
unshare
POST[a] 这次我们玩过滤好了。没抓到重点
update-ca-trust
POST[a] 这次我们玩过滤好了。没抓到重点
update-gio-modules
POST[a] 这次我们玩过滤好了。没抓到重点
update-mime-database
POST[a] 这次我们玩过滤好了。没抓到重点
uptime
POST[a] 这次我们玩过滤好了。没抓到重点
urlgrabber
POST[a] 这次我们玩过滤好了。没抓到重点
users
POST[a] 这次我们玩过滤好了。没抓到重点
utmpdump
POST[a] 这次我们玩过滤好了。没抓到重点
uuidgen
POST[a] 这次我们玩过滤好了。没抓到重点
vdir
POST[a] 这次我们玩过滤好了。没抓到重点
vmstat
POST[a] 这次我们玩过滤好了。没抓到重点
w
POST[a] 这次我们玩过滤好了。没抓到重点
wall
POST[a] 这次我们玩过滤好了。没抓到重点
watch
POST[a] 这次我们玩过滤好了。没抓到重点
watchgnupg
POST[a] 这次我们玩过滤好了。没抓到重点
wc
POST[a] 这次我们玩过滤好了。没抓到重点
whereis
POST[a] 这次我们玩过滤好了。没抓到重点
which
POST[a] 这次我们玩过滤好了。没抓到重点
who
POST[a] 这次我们玩过滤好了。没抓到重点
whoami
POST[a] 这次我们玩过滤好了。没抓到重点
write
POST[a] 这次我们玩过滤好了。没抓到重点
wrjpgcom
POST[a] 这次我们玩过滤好了。没抓到重点
x86_64
POST[a] 这次我们玩过滤好了。没抓到重点
xargs
POST[a] 这次我们玩过滤好了。没抓到重点
xmlcatalog
POST[a] 这次我们玩过滤好了。没抓到重点
xmllint
POST[a] 这次我们玩过滤好了。没抓到重点
xmlwf
POST[a] 这次我们玩过滤好了。没抓到重点
yes
POST[a] 这次我们玩过滤好了。没抓到重点
yum
POST[a] 这次我们玩过滤好了。没抓到重点
zcmp
POST[a] 这次我们玩过滤好了。没抓到重点
zdiff
POST[a] 这次我们玩过滤好了。没抓到重点
zegrep
POST[a] 这次我们玩过滤好了。没抓到重点
zfgrep
POST[a] 这次我们玩过滤好了。没抓到重点
zforce
POST[a] 这次我们玩过滤好了。没抓到重点
zgrep
POST[a] 这次我们玩过滤好了。没抓到重点
zless
POST[a] 这次我们玩过滤好了。没抓到重点
zmore
POST[a] 这次我们玩过滤好了。没抓到重点
znew
POST[a] 这次我们玩过滤好了。没抓到重点
zsoelim
POST[a] 这次我们玩过滤好了。没抓到重点
